1663792845615	geckodriver	INFO	Listening on 127.0.0.1:54917
1663792848681	mozrunner::runner	INFO	Running command: "C:\\Program Files\\Mozilla Firefox\\firefox.exe" "--marionette" "-no-remote" "-profile" "C:\\Users\\Person\\AppData\\Local\\Temp\\rust_mozprofileDNn2UH"
1663792849155	Marionette	INFO	Marionette enabled
1663792849161	Marionette	INFO	Listening on port 54929
Read port: 54929
1663792849544	RemoteAgent	WARN	TLS certificate errors will be ignored for this session
console.warn: SearchSettings: "get: No settings file exists, new profile?" (new NotFoundError("Could not open the file at C:\\Users\\Person\\AppData\\Local\\Temp\\rust_mozprofileDNn2UH\\search.json.mozlz4", (void 0)))
1663792858305	Marionette	INFO	Stopped listening on port 54929
1663792859240	geckodriver	INFO	Listening on 127.0.0.1:54987
1663792862288	mozrunner::runner	INFO	Running command: "C:\\Program Files\\Mozilla Firefox\\firefox.exe" "--marionette" "-no-remote" "-profile" "C:\\Users\\Person\\AppData\\Local\\Temp\\rust_mozprofilecN9Hex"
1663792862745	Marionette	INFO	Marionette enabled
1663792862751	Marionette	INFO	Listening on port 55003
Read port: 55003
1663792863007	RemoteAgent	WARN	TLS certificate errors will be ignored for this session
console.warn: SearchSettings: "get: No settings file exists, new profile?" (new NotFoundError("Could not open the file at C:\\Users\\Person\\AppData\\Local\\Temp\\rust_mozprofilecN9Hex\\search.json.mozlz4", (void 0)))
1663792901320	Marionette	WARN	Ignoring event 'DOMContentLoaded' because document has an invalid readyState of 'loading'.
1663792906485	Marionette	INFO	Stopped listening on port 55003
1663793899348	geckodriver	INFO	Listening on 127.0.0.1:55502
1663793902405	mozrunner::runner	INFO	Running command: "C:\\Program Files\\Mozilla Firefox\\firefox.exe" "--marionette" "-no-remote" "-profile" "C:\\Users\\Person\\AppData\\Local\\Temp\\rust_mozprofileQlij6h"
1663793902876	Marionette	INFO	Marionette enabled
1663793902882	Marionette	INFO	Listening on port 55516
Read port: 55516
1663793903180	RemoteAgent	WARN	TLS certificate errors will be ignored for this session
console.warn: SearchSettings: "get: No settings file exists, new profile?" (new NotFoundError("Could not open the file at C:\\Users\\Person\\AppData\\Local\\Temp\\rust_mozprofileQlij6h\\search.json.mozlz4", (void 0)))
1663793911773	Marionette	INFO	Stopped listening on port 55516
1663793912664	geckodriver	INFO	Listening on 127.0.0.1:55574
1663793915712	mozrunner::runner	INFO	Running command: "C:\\Program Files\\Mozilla Firefox\\firefox.exe" "--marionette" "-no-remote" "-profile" "C:\\Users\\Person\\AppData\\Local\\Temp\\rust_mozprofileOItTVJ"
1663793916175	Marionette	INFO	Marionette enabled
1663793916181	Marionette	INFO	Listening on port 55586
Read port: 55586
1663793916538	RemoteAgent	WARN	TLS certificate errors will be ignored for this session
console.warn: SearchSettings: "get: No settings file exists, new profile?" (new NotFoundError("Could not open the file at C:\\Users\\Person\\AppData\\Local\\Temp\\rust_mozprofileOItTVJ\\search.json.mozlz4", (void 0)))
1663793944181	Marionette	WARN	Ignoring event 'DOMContentLoaded' because document has an invalid readyState of 'loading'.
1663793951185	Marionette	WARN	Ignoring event 'DOMContentLoaded' because document has an invalid readyState of 'loading'.
1663793956249	Marionette	INFO	Stopped listening on port 55586
1664128456455	geckodriver	INFO	Listening on 127.0.0.1:50531
1664128459487	mozrunner::runner	INFO	Running command: "C:\\Program Files\\Mozilla Firefox\\firefox.exe" "--marionette" "-no-remote" "-profile" "C:\\Users\\Person\\AppData\\Local\\Temp\\rust_mozprofileK4haC8"
1664128460297	Marionette	INFO	Marionette enabled
1664128460305	Marionette	INFO	Listening on port 50544
Read port: 50544
1664128460792	RemoteAgent	WARN	TLS certificate errors will be ignored for this session
console.warn: SearchSettings: "get: No settings file exists, new profile?" (new NotFoundError("Could not open the file at C:\\Users\\Person\\AppData\\Local\\Temp\\rust_mozprofileK4haC8\\search.json.mozlz4", (void 0)))
1664128470536	Marionette	INFO	Stopped listening on port 50544
1664128471486	geckodriver	INFO	Listening on 127.0.0.1:50609
1664128474563	mozrunner::runner	INFO	Running command: "C:\\Program Files\\Mozilla Firefox\\firefox.exe" "--marionette" "-no-remote" "-profile" "C:\\Users\\Person\\AppData\\Local\\Temp\\rust_mozprofileI60enI"
1664128475023	Marionette	INFO	Marionette enabled
1664128475029	Marionette	INFO	Listening on port 50621
Read port: 50621
1664128475361	RemoteAgent	WARN	TLS certificate errors will be ignored for this session
console.warn: SearchSettings: "get: No settings file exists, new profile?" (new NotFoundError("Could not open the file at C:\\Users\\Person\\AppData\\Local\\Temp\\rust_mozprofileI60enI\\search.json.mozlz4", (void 0)))
1664128519870	Marionette	INFO	Stopped listening on port 50621
